<?xml version="1.0" encoding="UTF-8"?>
<!-- Generated by org.testng.reporters.JUnitXMLReporter -->
<testsuite hostname="chetan-PC" name="Default test" tests="3" failures="0" timestamp="10 Nov 2018 17:54:53 GMT" time="61.769" errors="0">
  <testcase name="ebayRegisterData" time="1.99" classname="com.datadriventest.HalfEbayTest"/>
  <testcase name="ebayRegisterData" time="1.723" classname="com.datadriventest.HalfEbayTest"/>
  <testcase name="ebayRegisterData" time="1.687" classname="com.datadriventest.HalfEbayTest"/>
</testsuite> <!-- Default test -->
